<?xml version="1.0" encoding="UTF-8"?>
<!-- Generated by org.testng.reporters.JUnitXMLReporter -->
<testsuite ignored="0" hostname="LAPTOP-KIH6IAF3" failures="0" tests="6" name="Test1" time="28.077" errors="0" timestamp="2023-07-13T16:18:01 IST">
  <testcase classname="testngpracties.Regcross" name="testcase1" time="1.152"/>
  <testcase classname="testngpracties.Regcross" name="testcase2" time="0.804"/>
  <testcase classname="testngpracties.Regcross" name="testcase3" time="0.768"/>
  <testcase classname="testngpracties.Regcross" name="testcase4" time="0.87"/>
  <testcase classname="testngpracties.Regcross" name="testcase5" time="0.671"/>
  <testcase classname="testngpracties.Regcross" name="testcase6" time="0.755"/>
</testsuite> <!-- Test1 -->
