<?xml version="1.0" encoding="UTF-8"?>
<!-- Generated by org.testng.reporters.JUnitXMLReporter -->
<testsuite ignored="0" hostname="LAPTOP-KIH6IAF3" failures="0" tests="13" name="Test" time="101.109" errors="0" timestamp="2023-06-06T20:54:44 IST">
  <testcase classname="testngpracties.Regressioncrosbrowsersuit" name="testcase1" time="1.551"/>
  <testcase classname="testngpracties.Regressioncrosbrowsersuit" name="testcase2" time="0.618"/>
  <testcase classname="testngpracties.Regressioncrosbrowsersuit" name="testcase3" time="0.33"/>
  <testcase classname="testngpracties.Regressioncrosbrowsersuit" name="testcase4" time="0.434"/>
  <testcase classname="testngpracties.Regressioncrosbrowsersuit" name="testcase5" time="0.334"/>
  <testcase classname="testngpracties.Regressioncrosbrowsersuit" name="testcase6" time="0.333"/>
  <testcase classname="testngpracties.Loginab" name="testcase1" time="2.978"/>
  <testcase classname="testngpracties.Loginab" name="testcase2" time="2.114"/>
  <testcase classname="testngpracties.Loginab" name="testcase3" time="2.515"/>
  <testcase classname="testngpracties.Loginab" name="testcase4" time="1.964"/>
  <testcase classname="testngpracties.Loginab" name="testcase5" time="2.174"/>
  <testcase classname="testngpracties.Loginab" name="testcase6" time="2.62"/>
  <testcase classname="testngpracties.Testng" name="testcase1" time="0.001"/>
</testsuite> <!-- Test -->
