<?xml version="1.0" encoding="UTF-8"?>
<!-- Generated by org.testng.reporters.JUnitXMLReporter -->
<testsuite ignored="0" hostname="LAPTOP-KIH6IAF3" failures="0" tests="6" name="Test2" time="20.391" errors="0" timestamp="2023-07-13T16:18:22 IST">
  <testcase classname="testngpracties.Regcross" name="testcase1" time="0.739"/>
  <testcase classname="testngpracties.Regcross" name="testcase2" time="0.72"/>
  <testcase classname="testngpracties.Regcross" name="testcase3" time="0.51"/>
  <testcase classname="testngpracties.Regcross" name="testcase4" time="0.983"/>
  <testcase classname="testngpracties.Regcross" name="testcase5" time="0.402"/>
  <testcase classname="testngpracties.Regcross" name="testcase6" time="0.676"/>
</testsuite> <!-- Test2 -->
